  ROA_client.cpp
c:\users\ivan\documents\tesis\roa\roa_client\roa_client\roa_client\roa_client.cpp(96): warning C4996: 'sprintf': This function or variable may be unsafe. Consider using sprintf_s instead. To disable deprecation, use _CRT_SECURE_NO_WARNINGS. See online help for details.
  c:\program files (x86)\windows kits\10\include\10.0.15063.0\ucrt\stdio.h(1772): note: see declaration of 'sprintf'
c:\users\ivan\documents\tesis\roa\roa_client\roa_client\roa_client\roa_client.cpp(166): warning C4996: 'sprintf': This function or variable may be unsafe. Consider using sprintf_s instead. To disable deprecation, use _CRT_SECURE_NO_WARNINGS. See online help for details.
  c:\program files (x86)\windows kits\10\include\10.0.15063.0\ucrt\stdio.h(1772): note: see declaration of 'sprintf'
c:\program files (x86)\microsoft visual studio\2017\community\vc\tools\msvc\14.10.25017\include\memory(53): warning C4996: 'std::uninitialized_copy::_Unchecked_iterators::_Deprecate': Call to 'std::uninitialized_copy' with parameters that may be unsafe - this call relies on the caller to check that the passed values are correct. To disable this warning, use -D_SCL_SECURE_NO_WARNINGS. See documentation on how to use Visual C++ 'Checked Iterators'
  c:\program files (x86)\microsoft visual studio\2017\community\vc\tools\msvc\14.10.25017\include\memory(53): note: see declaration of 'std::uninitialized_copy::_Unchecked_iterators::_Deprecate'
  c:\program files\pcl 1.8.1\3rdparty\boost\include\boost-1_64\boost\signals2\detail\auto_buffer.hpp(191): note: see reference to function template instantiation '_FwdIt *std::uninitialized_copy<I,boost::shared_ptr<void>*>(_InIt,_InIt,_FwdIt)' being compiled
          with
          [
              _FwdIt=boost::shared_ptr<void> *,
              I=boost::shared_ptr<void> *,
              _InIt=boost::shared_ptr<void> *
          ]
  c:\program files\pcl 1.8.1\3rdparty\boost\include\boost-1_64\boost\signals2\detail\auto_buffer.hpp(178): note: see reference to function template instantiation 'void boost::signals2::detail::auto_buffer<boost::shared_ptr<void>,boost::signals2::detail::store_n_objects<10>,boost::signals2::detail::default_grow_policy,std::allocator<T>>::copy_rai<I,false>(I,I,boost::shared_ptr<void> *,const boost::integral_constant<bool,false> &)' being compiled
          with
          [
              T=boost::shared_ptr<void>,
              I=boost::shared_ptr<void> *
          ]
  c:\program files\pcl 1.8.1\3rdparty\boost\include\boost-1_64\boost\signals2\detail\auto_buffer.hpp(178): note: see reference to function template instantiation 'void boost::signals2::detail::auto_buffer<boost::shared_ptr<void>,boost::signals2::detail::store_n_objects<10>,boost::signals2::detail::default_grow_policy,std::allocator<T>>::copy_rai<I,false>(I,I,boost::shared_ptr<void> *,const boost::integral_constant<bool,false> &)' being compiled
          with
          [
              T=boost::shared_ptr<void>,
              I=boost::shared_ptr<void> *
          ]
  c:\program files\pcl 1.8.1\3rdparty\boost\include\boost-1_64\boost\signals2\detail\auto_buffer.hpp(204): note: see reference to function template instantiation 'void boost::signals2::detail::auto_buffer<boost::shared_ptr<void>,boost::signals2::detail::store_n_objects<10>,boost::signals2::detail::default_grow_policy,std::allocator<T>>::copy_impl<I>(I,I,boost::shared_ptr<void> *,std::random_access_iterator_tag)' being compiled
          with
          [
              T=boost::shared_ptr<void>,
              I=boost::shared_ptr<void> *
          ]
  c:\program files\pcl 1.8.1\3rdparty\boost\include\boost-1_64\boost\signals2\detail\auto_buffer.hpp(203): note: see reference to function template instantiation 'void boost::signals2::detail::auto_buffer<boost::shared_ptr<void>,boost::signals2::detail::store_n_objects<10>,boost::signals2::detail::default_grow_policy,std::allocator<T>>::copy_impl<I>(I,I,boost::shared_ptr<void> *,std::random_access_iterator_tag)' being compiled
          with
          [
              T=boost::shared_ptr<void>,
              I=boost::shared_ptr<void> *
          ]
  c:\program files\pcl 1.8.1\3rdparty\boost\include\boost-1_64\boost\signals2\detail\auto_buffer.hpp(296): note: see reference to function template instantiation 'void boost::signals2::detail::auto_buffer<boost::shared_ptr<void>,boost::signals2::detail::store_n_objects<10>,boost::signals2::detail::default_grow_policy,std::allocator<T>>::copy_impl<boost::shared_ptr<void>*>(I,I,boost::shared_ptr<void> *)' being compiled
          with
          [
              T=boost::shared_ptr<void>,
              I=boost::shared_ptr<void> *
          ]
  c:\program files\pcl 1.8.1\3rdparty\boost\include\boost-1_64\boost\signals2\detail\auto_buffer.hpp(296): note: see reference to function template instantiation 'void boost::signals2::detail::auto_buffer<boost::shared_ptr<void>,boost::signals2::detail::store_n_objects<10>,boost::signals2::detail::default_grow_policy,std::allocator<T>>::copy_impl<boost::shared_ptr<void>*>(I,I,boost::shared_ptr<void> *)' being compiled
          with
          [
              T=boost::shared_ptr<void>,
              I=boost::shared_ptr<void> *
          ]
  c:\program files\pcl 1.8.1\3rdparty\boost\include\boost-1_64\boost\signals2\detail\auto_buffer.hpp(294): note: while compiling class template member function 'boost::shared_ptr<void> *boost::signals2::detail::auto_buffer<boost::shared_ptr<void>,boost::signals2::detail::store_n_objects<10>,boost::signals2::detail::default_grow_policy,std::allocator<T>>::move_to_new_buffer(unsigned int,const boost::true_type &)'
          with
          [
              T=boost::shared_ptr<void>
          ]
  c:\program files\pcl 1.8.1\3rdparty\boost\include\boost-1_64\boost\signals2\detail\auto_buffer.hpp(302): note: see reference to function template instantiation 'boost::shared_ptr<void> *boost::signals2::detail::auto_buffer<boost::shared_ptr<void>,boost::signals2::detail::store_n_objects<10>,boost::signals2::detail::default_grow_policy,std::allocator<T>>::move_to_new_buffer(unsigned int,const boost::true_type &)' being compiled
          with
          [
              T=boost::shared_ptr<void>
          ]
  c:\program files\pcl 1.8.1\3rdparty\boost\include\boost-1_64\boost\signals2\connection.hpp(53): note: see reference to class template instantiation 'boost::signals2::detail::auto_buffer<boost::shared_ptr<void>,boost::signals2::detail::store_n_objects<10>,boost::signals2::detail::default_grow_policy,std::allocator<T>>' being compiled
          with
          [
              T=boost::shared_ptr<void>
          ]
  c:\program files\pcl 1.8.1\3rdparty\boost\include\boost-1_64\boost\signals2\connection.hpp(55): note: see reference to class template instantiation 'boost::signals2::detail::garbage_collecting_lock<Mutex>' being compiled
  c:\program files\pcl 1.8.1\3rdparty\boost\include\boost-1_64\boost\bind\placeholders.hpp(54): note: see reference to class template instantiation 'boost::arg<9>' being compiled
  c:\program files\pcl 1.8.1\3rdparty\boost\include\boost-1_64\boost\bind\placeholders.hpp(53): note: see reference to class template instantiation 'boost::arg<8>' being compiled
  c:\program files\pcl 1.8.1\3rdparty\boost\include\boost-1_64\boost\bind\placeholders.hpp(52): note: see reference to class template instantiation 'boost::arg<7>' being compiled
  c:\program files\pcl 1.8.1\3rdparty\boost\include\boost-1_64\boost\bind\placeholders.hpp(51): note: see reference to class template instantiation 'boost::arg<6>' being compiled
  c:\program files\pcl 1.8.1\3rdparty\boost\include\boost-1_64\boost\bind\placeholders.hpp(50): note: see reference to class template instantiation 'boost::arg<5>' being compiled
  c:\program files\pcl 1.8.1\3rdparty\boost\include\boost-1_64\boost\bind\placeholders.hpp(49): note: see reference to class template instantiation 'boost::arg<4>' being compiled
  c:\program files\pcl 1.8.1\3rdparty\boost\include\boost-1_64\boost\bind\placeholders.hpp(48): note: see reference to class template instantiation 'boost::arg<3>' being compiled
  c:\program files\pcl 1.8.1\3rdparty\boost\include\boost-1_64\boost\bind\placeholders.hpp(47): note: see reference to class template instantiation 'boost::arg<2>' being compiled
  c:\program files\pcl 1.8.1\3rdparty\boost\include\boost-1_64\boost\bind\placeholders.hpp(46): note: see reference to class template instantiation 'boost::arg<1>' being compiled
ROA_client.obj : error LNK2019: unresolved external symbol "public: __thiscall vtkDebugLeaksManager::vtkDebugLeaksManager(void)" (??0vtkDebugLeaksManager@@QAE@XZ) referenced in function "void __cdecl `dynamic initializer for 'vtkDebugLeaksManagerInstance''(void)" (??__EvtkDebugLeaksManagerInstance@@YAXXZ)
ROA_client.obj : error LNK2019: unresolved external symbol "public: __thiscall vtkDebugLeaksManager::~vtkDebugLeaksManager(void)" (??1vtkDebugLeaksManager@@QAE@XZ) referenced in function "void __cdecl `dynamic atexit destructor for 'vtkDebugLeaksManagerInstance''(void)" (??__FvtkDebugLeaksManagerInstance@@YAXXZ)
ROA_client.obj : error LNK2019: unresolved external symbol "public: __thiscall vtkObjectFactoryRegistryCleanup::vtkObjectFactoryRegistryCleanup(void)" (??0vtkObjectFactoryRegistryCleanup@@QAE@XZ) referenced in function "void __cdecl `dynamic initializer for 'vtkObjectFactoryRegistryCleanupInstance''(void)" (??__EvtkObjectFactoryRegistryCleanupInstance@@YAXXZ)
ROA_client.obj : error LNK2019: unresolved external symbol "public: __thiscall vtkObjectFactoryRegistryCleanup::~vtkObjectFactoryRegistryCleanup(void)" (??1vtkObjectFactoryRegistryCleanup@@QAE@XZ) referenced in function "void __cdecl `dynamic atexit destructor for 'vtkObjectFactoryRegistryCleanupInstance''(void)" (??__FvtkObjectFactoryRegistryCleanupInstance@@YAXXZ)
ROA_client.obj : error LNK2019: unresolved external symbol "class boost::system::error_category const & __cdecl boost::system::system_category(void)" (?system_category@system@boost@@YAABVerror_category@12@XZ) referenced in function "void __cdecl boost::system::`dynamic initializer for 'native_ecat''(void)" (??__Enative_ecat@system@boost@@YAXXZ)
ROA_client.obj : error LNK2019: unresolved external symbol "class boost::system::error_category const & __cdecl boost::system::generic_category(void)" (?generic_category@system@boost@@YAABVerror_category@12@XZ) referenced in function "public: __thiscall boost::thread_exception::thread_exception(int,char const *)" (??0thread_exception@boost@@QAE@HPBD@Z)
C:\Program Files\PCL 1.8.1\3rdParty\Boost\lib\libboost_system-vc141-mt-gd-1_64.lib : warning LNK4272: library machine type 'x64' conflicts with target machine type 'X86'
C:\Program Files\PCL 1.8.1\3rdParty\Boost\lib\libboost_filesystem-vc141-mt-gd-1_64.lib : warning LNK4272: library machine type 'x64' conflicts with target machine type 'X86'
C:\Program Files\PCL 1.8.1\3rdParty\Boost\lib\libboost_thread-vc141-mt-gd-1_64.lib : warning LNK4272: library machine type 'x64' conflicts with target machine type 'X86'
C:\Program Files\PCL 1.8.1\3rdParty\Boost\lib\libboost_date_time-vc141-mt-gd-1_64.lib : warning LNK4272: library machine type 'x64' conflicts with target machine type 'X86'
C:\Program Files\PCL 1.8.1\3rdParty\Boost\lib\libboost_iostreams-vc141-mt-gd-1_64.lib : warning LNK4272: library machine type 'x64' conflicts with target machine type 'X86'
C:\Program Files\PCL 1.8.1\3rdParty\Boost\lib\libboost_serialization-vc141-mt-gd-1_64.lib : warning LNK4272: library machine type 'x64' conflicts with target machine type 'X86'
C:\Program Files\PCL 1.8.1\3rdParty\Boost\lib\libboost_chrono-vc141-mt-gd-1_64.lib : warning LNK4272: library machine type 'x64' conflicts with target machine type 'X86'
C:\Program Files\PCL 1.8.1\3rdParty\Boost\lib\libboost_atomic-vc141-mt-gd-1_64.lib : warning LNK4272: library machine type 'x64' conflicts with target machine type 'X86'
C:\Program Files\PCL 1.8.1\3rdParty\Boost\lib\libboost_regex-vc141-mt-gd-1_64.lib : warning LNK4272: library machine type 'x64' conflicts with target machine type 'X86'
C:\Program Files\PCL 1.8.1\lib\pcl_common_debug.lib : warning LNK4272: library machine type 'x64' conflicts with target machine type 'X86'
C:\Program Files\PCL 1.8.1\lib\pcl_octree_debug.lib : warning LNK4272: library machine type 'x64' conflicts with target machine type 'X86'
C:\Program Files\PCL 1.8.1\3rdParty\VTK\lib\vtkChartsCore-8.0-gd.lib : warning LNK4272: library machine type 'x64' conflicts with target machine type 'X86'
C:\Program Files\PCL 1.8.1\3rdParty\VTK\lib\vtkCommonColor-8.0-gd.lib : warning LNK4272: library machine type 'x64' conflicts with target machine type 'X86'
C:\Program Files\PCL 1.8.1\3rdParty\VTK\lib\vtkCommonCore-8.0-gd.lib : warning LNK4272: library machine type 'x64' conflicts with target machine type 'X86'
C:\Program Files\PCL 1.8.1\3rdParty\VTK\lib\vtksys-8.0-gd.lib : warning LNK4272: library machine type 'x64' conflicts with target machine type 'X86'
C:\Program Files\PCL 1.8.1\3rdParty\VTK\lib\vtkCommonDataModel-8.0-gd.lib : warning LNK4272: library machine type 'x64' conflicts with target machine type 'X86'
C:\Program Files\PCL 1.8.1\3rdParty\VTK\lib\vtkCommonMath-8.0-gd.lib : warning LNK4272: library machine type 'x64' conflicts with target machine type 'X86'
C:\Program Files\PCL 1.8.1\3rdParty\VTK\lib\vtkCommonMisc-8.0-gd.lib : warning LNK4272: library machine type 'x64' conflicts with target machine type 'X86'
C:\Program Files\PCL 1.8.1\3rdParty\VTK\lib\vtkCommonSystem-8.0-gd.lib : warning LNK4272: library machine type 'x64' conflicts with target machine type 'X86'
C:\Program Files\PCL 1.8.1\3rdParty\VTK\lib\vtkCommonTransforms-8.0-gd.lib : warning LNK4272: library machine type 'x64' conflicts with target machine type 'X86'
C:\Program Files\PCL 1.8.1\3rdParty\VTK\lib\vtkCommonExecutionModel-8.0-gd.lib : warning LNK4272: library machine type 'x64' conflicts with target machine type 'X86'
C:\Program Files\PCL 1.8.1\3rdParty\VTK\lib\vtkFiltersGeneral-8.0-gd.lib : warning LNK4272: library machine type 'x64' conflicts with target machine type 'X86'
C:\Program Files\PCL 1.8.1\3rdParty\VTK\lib\vtkCommonComputationalGeometry-8.0-gd.lib : warning LNK4272: library machine type 'x64' conflicts with target machine type 'X86'
C:\Program Files\PCL 1.8.1\3rdParty\VTK\lib\vtkFiltersCore-8.0-gd.lib : warning LNK4272: library machine type 'x64' conflicts with target machine type 'X86'
C:\Program Files\PCL 1.8.1\3rdParty\VTK\lib\vtkInfovisCore-8.0-gd.lib : warning LNK4272: library machine type 'x64' conflicts with target machine type 'X86'
C:\Program Files\PCL 1.8.1\3rdParty\VTK\lib\vtkFiltersExtraction-8.0-gd.lib : warning LNK4272: library machine type 'x64' conflicts with target machine type 'X86'
C:\Program Files\PCL 1.8.1\3rdParty\VTK\lib\vtkFiltersStatistics-8.0-gd.lib : warning LNK4272: library machine type 'x64' conflicts with target machine type 'X86'
C:\Program Files\PCL 1.8.1\3rdParty\VTK\lib\vtkImagingFourier-8.0-gd.lib : warning LNK4272: library machine type 'x64' conflicts with target machine type 'X86'
C:\Program Files\PCL 1.8.1\3rdParty\VTK\lib\vtkImagingCore-8.0-gd.lib : warning LNK4272: library machine type 'x64' conflicts with target machine type 'X86'
C:\Program Files\PCL 1.8.1\3rdParty\VTK\lib\vtkalglib-8.0-gd.lib : warning LNK4272: library machine type 'x64' conflicts with target machine type 'X86'
C:\Program Files\PCL 1.8.1\3rdParty\VTK\lib\vtkRenderingContext2D-8.0-gd.lib : warning LNK4272: library machine type 'x64' conflicts with target machine type 'X86'
C:\Program Files\PCL 1.8.1\3rdParty\VTK\lib\vtkRenderingCore-8.0-gd.lib : warning LNK4272: library machine type 'x64' conflicts with target machine type 'X86'
C:\Program Files\PCL 1.8.1\3rdParty\VTK\lib\vtkFiltersGeometry-8.0-gd.lib : warning LNK4272: library machine type 'x64' conflicts with target machine type 'X86'
C:\Program Files\PCL 1.8.1\3rdParty\VTK\lib\vtkFiltersSources-8.0-gd.lib : warning LNK4272: library machine type 'x64' conflicts with target machine type 'X86'
C:\Program Files\PCL 1.8.1\3rdParty\VTK\lib\vtkRenderingFreeType-8.0-gd.lib : warning LNK4272: library machine type 'x64' conflicts with target machine type 'X86'
C:\Program Files\PCL 1.8.1\3rdParty\VTK\lib\vtkfreetype-8.0-gd.lib : warning LNK4272: library machine type 'x64' conflicts with target machine type 'X86'
C:\Program Files\PCL 1.8.1\3rdParty\VTK\lib\vtkzlib-8.0-gd.lib : warning LNK4272: library machine type 'x64' conflicts with target machine type 'X86'
C:\Program Files\PCL 1.8.1\3rdParty\VTK\lib\vtkDICOMParser-8.0-gd.lib : warning LNK4272: library machine type 'x64' conflicts with target machine type 'X86'
C:\Program Files\PCL 1.8.1\3rdParty\VTK\lib\vtkDomainsChemistry-8.0-gd.lib : warning LNK4272: library machine type 'x64' conflicts with target machine type 'X86'
C:\Program Files\PCL 1.8.1\3rdParty\VTK\lib\vtkIOLegacy-8.0-gd.lib : warning LNK4272: library machine type 'x64' conflicts with target machine type 'X86'
C:\Program Files\PCL 1.8.1\3rdParty\VTK\lib\vtkIOCore-8.0-gd.lib : warning LNK4272: library machine type 'x64' conflicts with target machine type 'X86'
C:\Program Files\PCL 1.8.1\3rdParty\VTK\lib\vtklz4-8.0-gd.lib : warning LNK4272: library machine type 'x64' conflicts with target machine type 'X86'
C:\Program Files\PCL 1.8.1\3rdParty\VTK\lib\vtkIOXMLParser-8.0-gd.lib : warning LNK4272: library machine type 'x64' conflicts with target machine type 'X86'
C:\Program Files\PCL 1.8.1\3rdParty\VTK\lib\vtkexpat-8.0-gd.lib : warning LNK4272: library machine type 'x64' conflicts with target machine type 'X86'
C:\Program Files\PCL 1.8.1\3rdParty\VTK\lib\vtkFiltersAMR-8.0-gd.lib : warning LNK4272: library machine type 'x64' conflicts with target machine type 'X86'
C:\Program Files\PCL 1.8.1\3rdParty\VTK\lib\vtkIOXML-8.0-gd.lib : warning LNK4272: library machine type 'x64' conflicts with target machine type 'X86'
C:\Program Files\PCL 1.8.1\3rdParty\VTK\lib\vtkParallelCore-8.0-gd.lib : warning LNK4272: library machine type 'x64' conflicts with target machine type 'X86'
C:\Program Files\PCL 1.8.1\3rdParty\VTK\lib\vtkFiltersFlowPaths-8.0-gd.lib : warning LNK4272: library machine type 'x64' conflicts with target machine type 'X86'
C:\Program Files\PCL 1.8.1\3rdParty\VTK\lib\vtkFiltersGeneric-8.0-gd.lib : warning LNK4272: library machine type 'x64' conflicts with target machine type 'X86'
C:\Program Files\PCL 1.8.1\3rdParty\VTK\lib\vtkFiltersHybrid-8.0-gd.lib : warning LNK4272: library machine type 'x64' conflicts with target machine type 'X86'
C:\Program Files\PCL 1.8.1\3rdParty\VTK\lib\vtkImagingSources-8.0-gd.lib : warning LNK4272: library machine type 'x64' conflicts with target machine type 'X86'
C:\Program Files\PCL 1.8.1\3rdParty\VTK\lib\vtkFiltersHyperTree-8.0-gd.lib : warning LNK4272: library machine type 'x64' conflicts with target machine type 'X86'
C:\Program Files\PCL 1.8.1\3rdParty\VTK\lib\vtkFiltersImaging-8.0-gd.lib : warning LNK4272: library machine type 'x64' conflicts with target machine type 'X86'
C:\Program Files\PCL 1.8.1\3rdParty\VTK\lib\vtkImagingGeneral-8.0-gd.lib : warning LNK4272: library machine type 'x64' conflicts with target machine type 'X86'
C:\Program Files\PCL 1.8.1\3rdParty\VTK\lib\vtkFiltersModeling-8.0-gd.lib : warning LNK4272: library machine type 'x64' conflicts with target machine type 'X86'
C:\Program Files\PCL 1.8.1\3rdParty\VTK\lib\vtkFiltersParallel-8.0-gd.lib : warning LNK4272: library machine type 'x64' conflicts with target machine type 'X86'
C:\Program Files\PCL 1.8.1\3rdParty\VTK\lib\vtkFiltersParallelImaging-8.0-gd.lib : warning LNK4272: library machine type 'x64' conflicts with target machine type 'X86'
C:\Program Files\PCL 1.8.1\3rdParty\VTK\lib\vtkFiltersPoints-8.0-gd.lib : warning LNK4272: library machine type 'x64' conflicts with target machine type 'X86'
C:\Program Files\PCL 1.8.1\3rdParty\VTK\lib\vtkFiltersProgrammable-8.0-gd.lib : warning LNK4272: library machine type 'x64' conflicts with target machine type 'X86'
C:\Program Files\PCL 1.8.1\3rdParty\VTK\lib\vtkFiltersSMP-8.0-gd.lib : warning LNK4272: library machine type 'x64' conflicts with target machine type 'X86'
C:\Program Files\PCL 1.8.1\3rdParty\VTK\lib\vtkFiltersSelection-8.0-gd.lib : warning LNK4272: library machine type 'x64' conflicts with target machine type 'X86'
C:\Program Files\PCL 1.8.1\3rdParty\VTK\lib\vtkFiltersTexture-8.0-gd.lib : warning LNK4272: library machine type 'x64' conflicts with target machine type 'X86'
C:\Program Files\PCL 1.8.1\3rdParty\VTK\lib\vtkFiltersTopology-8.0-gd.lib : warning LNK4272: library machine type 'x64' conflicts with target machine type 'X86'
C:\Program Files\PCL 1.8.1\3rdParty\VTK\lib\vtkFiltersVerdict-8.0-gd.lib : warning LNK4272: library machine type 'x64' conflicts with target machine type 'X86'
C:\Program Files\PCL 1.8.1\3rdParty\VTK\lib\vtkverdict-8.0-gd.lib : warning LNK4272: library machine type 'x64' conflicts with target machine type 'X86'
C:\Program Files\PCL 1.8.1\3rdParty\VTK\lib\vtkGeovisCore-8.0-gd.lib : warning LNK4272: library machine type 'x64' conflicts with target machine type 'X86'
C:\Program Files\PCL 1.8.1\3rdParty\VTK\lib\vtkIOImage-8.0-gd.lib : warning LNK4272: library machine type 'x64' conflicts with target machine type 'X86'
C:\Program Files\PCL 1.8.1\3rdParty\VTK\lib\vtkmetaio-8.0-gd.lib : warning LNK4272: library machine type 'x64' conflicts with target machine type 'X86'
C:\Program Files\PCL 1.8.1\3rdParty\VTK\lib\vtkjpeg-8.0-gd.lib : warning LNK4272: library machine type 'x64' conflicts with target machine type 'X86'
C:\Program Files\PCL 1.8.1\3rdParty\VTK\lib\vtkpng-8.0-gd.lib : warning LNK4272: library machine type 'x64' conflicts with target machine type 'X86'
C:\Program Files\PCL 1.8.1\3rdParty\VTK\lib\vtktiff-8.0-gd.lib : warning LNK4272: library machine type 'x64' conflicts with target machine type 'X86'
C:\Program Files\PCL 1.8.1\3rdParty\VTK\lib\vtkInfovisLayout-8.0-gd.lib : warning LNK4272: library machine type 'x64' conflicts with target machine type 'X86'
C:\Program Files\PCL 1.8.1\3rdParty\VTK\lib\vtkImagingHybrid-8.0-gd.lib : warning LNK4272: library machine type 'x64' conflicts with target machine type 'X86'
C:\Program Files\PCL 1.8.1\3rdParty\VTK\lib\vtkInteractionStyle-8.0-gd.lib : warning LNK4272: library machine type 'x64' conflicts with target machine type 'X86'
C:\Program Files\PCL 1.8.1\3rdParty\VTK\lib\vtkInteractionWidgets-8.0-gd.lib : warning LNK4272: library machine type 'x64' conflicts with target machine type 'X86'
C:\Program Files\PCL 1.8.1\3rdParty\VTK\lib\vtkImagingColor-8.0-gd.lib : warning LNK4272: library machine type 'x64' conflicts with target machine type 'X86'
C:\Program Files\PCL 1.8.1\3rdParty\VTK\lib\vtkRenderingAnnotation-8.0-gd.lib : warning LNK4272: library machine type 'x64' conflicts with target machine type 'X86'
C:\Program Files\PCL 1.8.1\3rdParty\VTK\lib\vtkRenderingVolume-8.0-gd.lib : warning LNK4272: library machine type 'x64' conflicts with target machine type 'X86'
C:\Program Files\PCL 1.8.1\3rdParty\VTK\lib\vtkViewsCore-8.0-gd.lib : warning LNK4272: library machine type 'x64' conflicts with target machine type 'X86'
C:\Program Files\PCL 1.8.1\3rdParty\VTK\lib\vtkproj4-8.0-gd.lib : warning LNK4272: library machine type 'x64' conflicts with target machine type 'X86'
C:\Program Files\PCL 1.8.1\3rdParty\VTK\lib\vtkIOAMR-8.0-gd.lib : warning LNK4272: library machine type 'x64' conflicts with target machine type 'X86'
C:\Program Files\PCL 1.8.1\3rdParty\VTK\lib\vtkhdf5_hl-8.0-gd.lib : warning LNK4272: library machine type 'x64' conflicts with target machine type 'X86'
C:\Program Files\PCL 1.8.1\3rdParty\VTK\lib\vtkhdf5-8.0-gd.lib : warning LNK4272: library machine type 'x64' conflicts with target machine type 'X86'
C:\Program Files\PCL 1.8.1\3rdParty\VTK\lib\vtkIOEnSight-8.0-gd.lib : warning LNK4272: library machine type 'x64' conflicts with target machine type 'X86'
C:\Program Files\PCL 1.8.1\3rdParty\VTK\lib\vtkIOExodus-8.0-gd.lib : warning LNK4272: library machine type 'x64' conflicts with target machine type 'X86'
C:\Program Files\PCL 1.8.1\3rdParty\VTK\lib\vtkexoIIc-8.0-gd.lib : warning LNK4272: library machine type 'x64' conflicts with target machine type 'X86'
C:\Program Files\PCL 1.8.1\3rdParty\VTK\lib\vtkNetCDF-8.0-gd.lib : warning LNK4272: library machine type 'x64' conflicts with target machine type 'X86'
C:\Program Files\PCL 1.8.1\3rdParty\VTK\lib\vtkIOExport-8.0-gd.lib : warning LNK4272: library machine type 'x64' conflicts with target machine type 'X86'
C:\Program Files\PCL 1.8.1\3rdParty\VTK\lib\vtkRenderingGL2PS-8.0-gd.lib : warning LNK4272: library machine type 'x64' conflicts with target machine type 'X86'
C:\Program Files\PCL 1.8.1\3rdParty\VTK\lib\vtkRenderingContextOpenGL-8.0-gd.lib : warning LNK4272: library machine type 'x64' conflicts with target machine type 'X86'
C:\Program Files\PCL 1.8.1\3rdParty\VTK\lib\vtkRenderingOpenGL-8.0-gd.lib : warning LNK4272: library machine type 'x64' conflicts with target machine type 'X86'
C:\Program Files\PCL 1.8.1\3rdParty\VTK\lib\vtkgl2ps-8.0-gd.lib : warning LNK4272: library machine type 'x64' conflicts with target machine type 'X86'
C:\Program Files\PCL 1.8.1\3rdParty\VTK\lib\vtklibharu-8.0-gd.lib : warning LNK4272: library machine type 'x64' conflicts with target machine type 'X86'
C:\Program Files\PCL 1.8.1\3rdParty\VTK\lib\vtkIOExportOpenGL-8.0-gd.lib : warning LNK4272: library machine type 'x64' conflicts with target machine type 'X86'
C:\Program Files\PCL 1.8.1\3rdParty\VTK\lib\vtkRenderingLabel-8.0-gd.lib : warning LNK4272: library machine type 'x64' conflicts with target machine type 'X86'
C:\Program Files\PCL 1.8.1\3rdParty\VTK\lib\vtkIOGeometry-8.0-gd.lib : warning LNK4272: library machine type 'x64' conflicts with target machine type 'X86'
C:\Program Files\PCL 1.8.1\3rdParty\VTK\lib\vtkIOImport-8.0-gd.lib : warning LNK4272: library machine type 'x64' conflicts with target machine type 'X86'
C:\Program Files\PCL 1.8.1\3rdParty\VTK\lib\vtkIOInfovis-8.0-gd.lib : warning LNK4272: library machine type 'x64' conflicts with target machine type 'X86'
C:\Program Files\PCL 1.8.1\3rdParty\VTK\lib\vtklibxml2-8.0-gd.lib : warning LNK4272: library machine type 'x64' conflicts with target machine type 'X86'
C:\Program Files\PCL 1.8.1\3rdParty\VTK\lib\vtkIOLSDyna-8.0-gd.lib : warning LNK4272: library machine type 'x64' conflicts with target machine type 'X86'
C:\Program Files\PCL 1.8.1\3rdParty\VTK\lib\vtkIOMINC-8.0-gd.lib : warning LNK4272: library machine type 'x64' conflicts with target machine type 'X86'
C:\Program Files\PCL 1.8.1\3rdParty\VTK\lib\vtkIOMovie-8.0-gd.lib : warning LNK4272: library machine type 'x64' conflicts with target machine type 'X86'
C:\Program Files\PCL 1.8.1\3rdParty\VTK\lib\vtkoggtheora-8.0-gd.lib : warning LNK4272: library machine type 'x64' conflicts with target machine type 'X86'
C:\Program Files\PCL 1.8.1\3rdParty\VTK\lib\vtkIONetCDF-8.0-gd.lib : warning LNK4272: library machine type 'x64' conflicts with target machine type 'X86'
C:\Program Files\PCL 1.8.1\3rdParty\VTK\lib\vtknetcdf_c++-gd.lib : warning LNK4272: library machine type 'x64' conflicts with target machine type 'X86'
C:\Program Files\PCL 1.8.1\3rdParty\VTK\lib\vtkIOPLY-8.0-gd.lib : warning LNK4272: library machine type 'x64' conflicts with target machine type 'X86'
C:\Program Files\PCL 1.8.1\3rdParty\VTK\lib\vtkIOParallel-8.0-gd.lib : warning LNK4272: library machine type 'x64' conflicts with target machine type 'X86'
C:\Program Files\PCL 1.8.1\3rdParty\VTK\lib\vtkjsoncpp-8.0-gd.lib : warning LNK4272: library machine type 'x64' conflicts with target machine type 'X86'
C:\Program Files\PCL 1.8.1\3rdParty\VTK\lib\vtkIOParallelXML-8.0-gd.lib : warning LNK4272: library machine type 'x64' conflicts with target machine type 'X86'
C:\Program Files\PCL 1.8.1\3rdParty\VTK\lib\vtkIOSQL-8.0-gd.lib : warning LNK4272: library machine type 'x64' conflicts with target machine type 'X86'
C:\Program Files\PCL 1.8.1\3rdParty\VTK\lib\vtksqlite-8.0-gd.lib : warning LNK4272: library machine type 'x64' conflicts with target machine type 'X86'
C:\Program Files\PCL 1.8.1\3rdParty\VTK\lib\vtkIOTecplotTable-8.0-gd.lib : warning LNK4272: library machine type 'x64' conflicts with target machine type 'X86'
C:\Program Files\PCL 1.8.1\3rdParty\VTK\lib\vtkIOVideo-8.0-gd.lib : warning LNK4272: library machine type 'x64' conflicts with target machine type 'X86'
C:\Program Files\PCL 1.8.1\3rdParty\VTK\lib\vtkImagingMath-8.0-gd.lib : warning LNK4272: library machine type 'x64' conflicts with target machine type 'X86'
C:\Program Files\PCL 1.8.1\3rdParty\VTK\lib\vtkImagingMorphological-8.0-gd.lib : warning LNK4272: library machine type 'x64' conflicts with target machine type 'X86'
C:\Program Files\PCL 1.8.1\3rdParty\VTK\lib\vtkImagingStatistics-8.0-gd.lib : warning LNK4272: library machine type 'x64' conflicts with target machine type 'X86'
C:\Program Files\PCL 1.8.1\3rdParty\VTK\lib\vtkImagingStencil-8.0-gd.lib : warning LNK4272: library machine type 'x64' conflicts with target machine type 'X86'
C:\Program Files\PCL 1.8.1\3rdParty\VTK\lib\vtkInteractionImage-8.0-gd.lib : warning LNK4272: library machine type 'x64' conflicts with target machine type 'X86'
C:\Program Files\PCL 1.8.1\3rdParty\VTK\lib\vtkRenderingImage-8.0-gd.lib : warning LNK4272: library machine type 'x64' conflicts with target machine type 'X86'
C:\Program Files\PCL 1.8.1\3rdParty\VTK\lib\vtkRenderingLIC-8.0-gd.lib : warning LNK4272: library machine type 'x64' conflicts with target machine type 'X86'
C:\Program Files\PCL 1.8.1\3rdParty\VTK\lib\vtkRenderingLOD-8.0-gd.lib : warning LNK4272: library machine type 'x64' conflicts with target machine type 'X86'
C:\Program Files\PCL 1.8.1\3rdParty\VTK\lib\vtkRenderingVolumeOpenGL-8.0-gd.lib : warning LNK4272: library machine type 'x64' conflicts with target machine type 'X86'
C:\Program Files\PCL 1.8.1\3rdParty\VTK\lib\vtkViewsContext2D-8.0-gd.lib : warning LNK4272: library machine type 'x64' conflicts with target machine type 'X86'
C:\Program Files\PCL 1.8.1\3rdParty\VTK\lib\vtkViewsInfovis-8.0-gd.lib : warning LNK4272: library machine type 'x64' conflicts with target machine type 'X86'
C:\Program Files\PCL 1.8.1\lib\pcl_io_debug.lib : warning LNK4272: library machine type 'x64' conflicts with target machine type 'X86'
C:\Program Files\PCL 1.8.1\3rdParty\FLANN\lib\flann_cpp_s-gd.lib : warning LNK4272: library machine type 'x64' conflicts with target machine type 'X86'
C:\Program Files\PCL 1.8.1\lib\pcl_kdtree_debug.lib : warning LNK4272: library machine type 'x64' conflicts with target machine type 'X86'
C:\Program Files\PCL 1.8.1\lib\pcl_search_debug.lib : warning LNK4272: library machine type 'x64' conflicts with target machine type 'X86'
C:\Program Files\PCL 1.8.1\lib\pcl_sample_consensus_debug.lib : warning LNK4272: library machine type 'x64' conflicts with target machine type 'X86'
C:\Program Files\PCL 1.8.1\lib\pcl_filters_debug.lib : warning LNK4272: library machine type 'x64' conflicts with target machine type 'X86'
C:\Program Files\PCL 1.8.1\lib\pcl_features_debug.lib : warning LNK4272: library machine type 'x64' conflicts with target machine type 'X86'
C:\Program Files\PCL 1.8.1\lib\pcl_ml_debug.lib : warning LNK4272: library machine type 'x64' conflicts with target machine type 'X86'
C:\Program Files\PCL 1.8.1\lib\pcl_segmentation_debug.lib : warning LNK4272: library machine type 'x64' conflicts with target machine type 'X86'
C:\Program Files\PCL 1.8.1\lib\pcl_visualization_debug.lib : warning LNK4272: library machine type 'x64' conflicts with target machine type 'X86'
C:\Program Files\PCL 1.8.1\3rdParty\Qhull\lib\qhullstatic_d.lib : warning LNK4272: library machine type 'x64' conflicts with target machine type 'X86'
C:\Program Files\PCL 1.8.1\lib\pcl_surface_debug.lib : warning LNK4272: library machine type 'x64' conflicts with target machine type 'X86'
C:\Program Files\PCL 1.8.1\lib\pcl_registration_debug.lib : warning LNK4272: library machine type 'x64' conflicts with target machine type 'X86'
C:\Program Files\PCL 1.8.1\lib\pcl_keypoints_debug.lib : warning LNK4272: library machine type 'x64' conflicts with target machine type 'X86'
C:\Program Files\PCL 1.8.1\lib\pcl_tracking_debug.lib : warning LNK4272: library machine type 'x64' conflicts with target machine type 'X86'
C:\Program Files\PCL 1.8.1\lib\pcl_recognition_debug.lib : warning LNK4272: library machine type 'x64' conflicts with target machine type 'X86'
C:\Program Files\PCL 1.8.1\lib\pcl_stereo_debug.lib : warning LNK4272: library machine type 'x64' conflicts with target machine type 'X86'
C:\Program Files\PCL 1.8.1\lib\pcl_outofcore_debug.lib : warning LNK4272: library machine type 'x64' conflicts with target machine type 'X86'
C:\Program Files\PCL 1.8.1\lib\pcl_people_debug.lib : warning LNK4272: library machine type 'x64' conflicts with target machine type 'X86'
C:\Users\Ivan\Documents\tesis\roa\ROA_client\ROA_client\Debug\ROA_client.exe : fatal error LNK1120: 6 unresolved externals
