c:\users\ivan\documents\tesis\roa\roa_client\roa_client\roa_client\debug\roa_client.pch
c:\users\ivan\documents\tesis\roa\roa_client\roa_client\roa_client\debug\vc141.pdb
c:\users\ivan\documents\tesis\roa\roa_client\roa_client\roa_client\debug\vc141.idb
c:\users\ivan\documents\tesis\roa\roa_client\roa_client\roa_client\debug\stdafx.obj
c:\users\ivan\documents\tesis\roa\roa_client\roa_client\roa_client\debug\roa_client.obj
c:\users\ivan\documents\tesis\roa\roa_client\roa_client\debug\roa_client.pdb
c:\users\ivan\documents\tesis\roa\roa_client\roa_client\roa_client\debug\roa_client.tlog\cl.command.1.tlog
c:\users\ivan\documents\tesis\roa\roa_client\roa_client\roa_client\debug\roa_client.tlog\cl.read.1.tlog
c:\users\ivan\documents\tesis\roa\roa_client\roa_client\roa_client\debug\roa_client.tlog\cl.write.1.tlog
c:\users\ivan\documents\tesis\roa\roa_client\roa_client\roa_client\debug\roa_client.tlog\link-cvtres.read.1.tlog
c:\users\ivan\documents\tesis\roa\roa_client\roa_client\roa_client\debug\roa_client.tlog\link-cvtres.write.1.tlog
c:\users\ivan\documents\tesis\roa\roa_client\roa_client\roa_client\debug\roa_client.tlog\link-rc.read.1.tlog
c:\users\ivan\documents\tesis\roa\roa_client\roa_client\roa_client\debug\roa_client.tlog\link-rc.write.1.tlog
c:\users\ivan\documents\tesis\roa\roa_client\roa_client\roa_client\debug\roa_client.tlog\link.15836-cvtres.read.1.tlog
c:\users\ivan\documents\tesis\roa\roa_client\roa_client\roa_client\debug\roa_client.tlog\link.15836-cvtres.write.1.tlog
c:\users\ivan\documents\tesis\roa\roa_client\roa_client\roa_client\debug\roa_client.tlog\link.15836-rc.read.1.tlog
c:\users\ivan\documents\tesis\roa\roa_client\roa_client\roa_client\debug\roa_client.tlog\link.15836-rc.write.1.tlog
c:\users\ivan\documents\tesis\roa\roa_client\roa_client\roa_client\debug\roa_client.tlog\link.15836.read.1.tlog
c:\users\ivan\documents\tesis\roa\roa_client\roa_client\roa_client\debug\roa_client.tlog\link.15836.write.1.tlog
c:\users\ivan\documents\tesis\roa\roa_client\roa_client\roa_client\debug\roa_client.tlog\link.command.1.tlog
c:\users\ivan\documents\tesis\roa\roa_client\roa_client\roa_client\debug\roa_client.tlog\link.read.1.tlog
c:\users\ivan\documents\tesis\roa\roa_client\roa_client\roa_client\debug\roa_client.tlog\link.write.1.tlog
